<?xml version="1.0" encoding="UTF-8"?>
<!-- Generated by org.testng.reporters.JUnitXMLReporter -->
<testsuite ignored="0" hostname="Yang-Laptop" failures="0" tests="10" name="Surefire test" time="5.377" errors="0" timestamp="2025-12-23T22:48:49 EST">
  <testcase classname="api.test.DDTests" name="testPostuser" time="2.031"/>
  <testcase classname="api.test.DDTests" name="testPostuser" time="0.121"/>
  <testcase classname="api.test.DDTests" name="testPostuser" time="0.123"/>
  <testcase classname="api.test.DDTests" name="testDeleteUserByName" time="0.146"/>
  <testcase classname="api.test.DDTests" name="testDeleteUserByName" time="0.133"/>
  <testcase classname="api.test.DDTests" name="testDeleteUserByName" time="0.129"/>
  <testcase classname="api.test.UserTests" name="testPostUser" time="0.207"/>
  <testcase classname="api.test.UserTests" name="testGetUserByName" time="0.125"/>
  <testcase classname="api.test.UserTests" name="testUpdateUserByUsername" time="0.228"/>
  <testcase classname="api.test.UserTests" name="testDeleteUserByUsername" time="0.102"/>
</testsuite> <!-- Surefire test -->
