<?xml version="1.0" encoding="UTF-8"?>
<!-- Generated by org.testng.reporters.JUnitXMLReporter -->
<testsuite ignored="0" hostname="Yang-Laptop" failures="0" tests="4" name="Default test" time="3.973" errors="0" timestamp="2025-11-30T14:30:38 EST">
  <testcase classname="api.test.UserTests" name="testPostUser" time="2.466"/>
  <testcase classname="api.test.UserTests" name="testGetUserByName" time="0.157"/>
  <testcase classname="api.test.UserTests" name="testUpdateUserByUsername" time="0.297"/>
  <testcase classname="api.test.UserTests" name="testDeleteUserByUsername" time="0.138"/>
</testsuite> <!-- Default test -->
