<?xml version="1.0" encoding="UTF-8"?>
<!-- Generated by org.testng.reporters.JUnitXMLReporter -->
<testsuite ignored="0" hostname="Yang-Laptop" failures="0" tests="4" name="Test" time="2.759" errors="0" timestamp="2025-11-30T20:52:26 EST">
  <testcase classname="api.test.UserTests2" name="testPostUser" time="1.609"/>
  <testcase classname="api.test.UserTests2" name="testGetUserByName" time="0.15"/>
  <testcase classname="api.test.UserTests2" name="testUpdateUserByUsername" time="0.228"/>
  <testcase classname="api.test.UserTests2" name="testDeleteUserByUsername" time="0.104"/>
</testsuite> <!-- Test -->
