<?xml version="1.0" encoding="UTF-8"?>
<!-- Generated by org.testng.reporters.JUnitXMLReporter -->
<testsuite ignored="0" hostname="Yang-Laptop" failures="0" tests="4" name="Test" time="2.237" errors="0" timestamp="2025-12-03T21:45:53 EST">
  <testcase classname="api.test.UserTests2" name="testPostUser" time="1.219"/>
  <testcase classname="api.test.UserTests2" name="testGetUserByName" time="0.133"/>
  <testcase classname="api.test.UserTests2" name="testUpdateUserByUsername" time="0.226"/>
  <testcase classname="api.test.UserTests2" name="testDeleteUserByUsername" time="0.11"/>
</testsuite> <!-- Test -->
