<?xml version="1.0" encoding="UTF-8"?>
<!-- Generated by org.testng.reporters.JUnitXMLReporter -->
<testsuite ignored="0" hostname="Yang-Laptop" failures="0" tests="4" name="Test" time="2.395" errors="0" timestamp="2025-12-01T23:09:19 EST">
  <testcase classname="api.test.UserTests2" name="testPostUser" time="1.291"/>
  <testcase classname="api.test.UserTests2" name="testGetUserByName" time="0.128"/>
  <testcase classname="api.test.UserTests2" name="testUpdateUserByUsername" time="0.257"/>
  <testcase classname="api.test.UserTests2" name="testDeleteUserByUsername" time="0.128"/>
</testsuite> <!-- Test -->
