<?xml version="1.0" encoding="UTF-8"?>
<testng-results ignored="0" total="4" passed="4" failed="0" skipped="0">
  <reporter-output>
  </reporter-output>
  <suite started-at="2025-12-01T23:09:16 EST" name="Suite" finished-at="2025-12-01T23:09:19 EST" duration-ms="2395">
    <groups>
    </groups>
    <test started-at="2025-12-01T23:09:16 EST" name="Test" finished-at="2025-12-01T23:09:19 EST" duration-ms="2395">
      <class name="api.test.UserTests2">
        <test-method is-config="true" signature="setupData()[pri:0, instance:api.test.UserTests2@47af7f3d]" started-at="2025-12-01T23:09:16 EST" name="setupData" finished-at="2025-12-01T23:09:17 EST" duration-ms="418" status="PASS">
          <reporter-output>
          </reporter-output>
        </test-method> <!-- setupData -->
        <test-method signature="testPostUser()[pri:1, instance:api.test.UserTests2@47af7f3d]" started-at="2025-12-01T23:09:17 EST" name="testPostUser" finished-at="2025-12-01T23:09:18 EST" duration-ms="1291" status="PASS">
          <reporter-output>
          </reporter-output>
        </test-method> <!-- testPostUser -->
        <test-method signature="testGetUserByName()[pri:2, instance:api.test.UserTests2@47af7f3d]" started-at="2025-12-01T23:09:18 EST" name="testGetUserByName" finished-at="2025-12-01T23:09:18 EST" duration-ms="128" status="PASS">
          <reporter-output>
          </reporter-output>
        </test-method> <!-- testGetUserByName -->
        <test-method signature="testUpdateUserByUsername()[pri:3, instance:api.test.UserTests2@47af7f3d]" started-at="2025-12-01T23:09:18 EST" name="testUpdateUserByUsername" finished-at="2025-12-01T23:09:19 EST" duration-ms="257" status="PASS">
          <reporter-output>
          </reporter-output>
        </test-method> <!-- testUpdateUserByUsername -->
        <test-method signature="testDeleteUserByUsername()[pri:4, instance:api.test.UserTests2@47af7f3d]" started-at="2025-12-01T23:09:19 EST" name="testDeleteUserByUsername" finished-at="2025-12-01T23:09:19 EST" duration-ms="128" status="PASS">
          <reporter-output>
          </reporter-output>
        </test-method> <!-- testDeleteUserByUsername -->
      </class> <!-- api.test.UserTests2 -->
    </test> <!-- Test -->
  </suite> <!-- Suite -->
</testng-results>
