<?xml version="1.0" encoding="UTF-8"?>
<testsuite xmlns:xsi="http://www.w3.org/2001/XMLSchema-instance" xsi:noNamespaceSchemaLocation="https://maven.apache.org/surefire/maven-surefire-plugin/xsd/surefire-test-report-3.0.xsd" version="3.0" name="TestSuite" time="2.906" tests="4" errors="0" skipped="0" failures="0">
  <properties>
[...]
</properties>
  <testcase name="testPostUser" classname="api.test.UserTests2" time="1.298">
    <system-out><![CDATA[HTTP/1.1 200 OK
Date: Tue, 02 Dec 2025 04:09:18 GMT
Content-Type: application/json
Transfer-Encoding: chunked
Connection: keep-alive
Access-Control-Allow-Origin: *
Access-Control-Allow-Methods: GET, POST, DELETE, PUT
Access-Control-Allow-Headers: Content-Type, api_key, Authorization
Server: Jetty(9.2.9.v20150224)

{
    "code": 200,
    "type": "unknown",
    "message": "2139788441"
}
]]></system-out>
    <system-err><![CDATA[SLF4J: Failed to load class "org.slf4j.impl.StaticLoggerBinder".
SLF4J: Defaulting to no-operation (NOP) logger implementation
SLF4J: See http://www.slf4j.org/codes.html#StaticLoggerBinder for further details.
]]></system-err>
  </testcase>
  <testcase name="testGetUserByName" classname="api.test.UserTests2" time="0.143">
    <system-out><![CDATA[HTTP/1.1 200 OK
Date: Tue, 02 Dec 2025 04:09:18 GMT
Content-Type: application/json
Transfer-Encoding: chunked
Connection: keep-alive
Access-Control-Allow-Origin: *
Access-Control-Allow-Methods: GET, POST, DELETE, PUT
Access-Control-Allow-Headers: Content-Type, api_key, Authorization
Server: Jetty(9.2.9.v20150224)

{
    "id": 2139788441,
    "username": "brendon.koepp",
    "firstName": "Huey",
    "lastName": "Heidenreich",
    "email": "cathern.labadie@example.com",
    "password": "1iqab",
    "phone": "(369) 187-0026",
    "userStatus": 0
}
]]></system-out>
  </testcase>
  <testcase name="testUpdateUserByUsername" classname="api.test.UserTests2" time="0.243">
    <system-out><![CDATA[{
    "code": 200,
    "type": "unknown",
    "message": "2139788441"
}
]]></system-out>
  </testcase>
  <testcase name="testDeleteUserByUsername" classname="api.test.UserTests2" time="0.128"/>
</testsuite>