<?xml version="1.0" encoding="UTF-8"?>
<!-- Generated by org.testng.reporters.JUnitReportReporter -->
<testsuite hostname="Yang-Laptop" failures="0" tests="4" name="api.test.UserTests" time="3.058" errors="0" timestamp="2025-11-30T14:30:39 EST" skipped="0">
  <testcase classname="api.test.UserTests" name="testPostUser" time="2.466"/>
  <system-out/>
  <testcase classname="api.test.UserTests" name="testGetUserByName" time="0.157"/>
  <system-out/>
  <testcase classname="api.test.UserTests" name="testUpdateUserByUsername" time="0.297"/>
  <system-out/>
  <testcase classname="api.test.UserTests" name="testDeleteUserByUsername" time="0.138"/>
  <system-out/>
</testsuite> <!-- api.test.UserTests -->
