<?xml version="1.0" encoding="UTF-8"?>
<!-- Generated by org.testng.reporters.JUnitReportReporter -->
<testsuite hostname="Yang-Laptop" failures="0" tests="6" name="api.test.DDTests" time="1.870" errors="0" timestamp="2025-11-29T21:56:12 EST" skipped="0">
  <testcase classname="api.test.DDTests" name="testPostuser" time="1.256"/>
  <system-out/>
  <testcase classname="api.test.DDTests" name="testPostuser" time="0.115"/>
  <system-out/>
  <testcase classname="api.test.DDTests" name="testPostuser" time="0.112"/>
  <system-out/>
  <testcase classname="api.test.DDTests" name="testDeleteUserByName" time="0.123"/>
  <system-out/>
  <testcase classname="api.test.DDTests" name="testDeleteUserByName" time="0.128"/>
  <system-out/>
  <testcase classname="api.test.DDTests" name="testDeleteUserByName" time="0.136"/>
  <system-out/>
</testsuite> <!-- api.test.DDTests -->
