<?xml version="1.0" encoding="UTF-8"?>
<!-- Generated by org.testng.reporters.JUnitReportReporter -->
<testsuite hostname="Yang-Laptop" failures="0" tests="4" name="api.test.UserTests2" time="2.091" errors="0" timestamp="2025-11-30T20:52:26 EST" skipped="0">
  <testcase classname="api.test.UserTests2" name="testPostUser" time="1.609"/>
  <system-out/>
  <testcase classname="api.test.UserTests2" name="testGetUserByName" time="0.150"/>
  <system-out/>
  <testcase classname="api.test.UserTests2" name="testUpdateUserByUsername" time="0.228"/>
  <system-out/>
  <testcase classname="api.test.UserTests2" name="testDeleteUserByUsername" time="0.104"/>
  <system-out/>
</testsuite> <!-- api.test.UserTests2 -->
