<?xml version="1.0" encoding="UTF-8"?>
<!-- Generated by org.testng.reporters.JUnitReportReporter -->
<testsuite hostname="Yang-Laptop" failures="0" tests="4" name="api.test.UserTests2" time="1.804" errors="0" timestamp="2025-12-01T23:09:19 EST" skipped="0">
  <testcase classname="api.test.UserTests2" name="testPostUser" time="1.291"/>
  <testcase classname="api.test.UserTests2" name="testGetUserByName" time="0.128"/>
  <testcase classname="api.test.UserTests2" name="testUpdateUserByUsername" time="0.257"/>
  <testcase classname="api.test.UserTests2" name="testDeleteUserByUsername" time="0.128"/>
</testsuite> <!-- api.test.UserTests2 -->
