<?xml version="1.0" encoding="UTF-8"?>
<!-- Generated by org.testng.reporters.JUnitReportReporter -->
<testsuite hostname="Yang-Laptop" failures="0" tests="4" name="api.test.UserTests" time="0.662" errors="0" timestamp="2025-12-23T22:48:49 EST" skipped="0">
  <testcase classname="api.test.UserTests" name="testPostUser" time="0.207"/>
  <testcase classname="api.test.UserTests" name="testGetUserByName" time="0.125"/>
  <testcase classname="api.test.UserTests" name="testUpdateUserByUsername" time="0.228"/>
  <testcase classname="api.test.UserTests" name="testDeleteUserByUsername" time="0.102"/>
</testsuite> <!-- api.test.UserTests -->
