<?xml version="1.0" encoding="UTF-8"?>
<!-- Generated by org.testng.reporters.JUnitReportReporter -->
<testsuite hostname="Yang-Laptop" failures="0" tests="6" name="api.test.DDTests" time="2.683" errors="0" timestamp="2025-12-23T22:48:49 EST" skipped="0">
  <testcase classname="api.test.DDTests" name="testPostuser" time="0.121"/>
  <testcase classname="api.test.DDTests" name="testPostuser" time="2.031"/>
  <testcase classname="api.test.DDTests" name="testPostuser" time="0.123"/>
  <testcase classname="api.test.DDTests" name="testDeleteUserByName" time="0.129"/>
  <testcase classname="api.test.DDTests" name="testDeleteUserByName" time="0.133"/>
  <testcase classname="api.test.DDTests" name="testDeleteUserByName" time="0.146"/>
</testsuite> <!-- api.test.DDTests -->
